This is pdfTeX, Version 3.14159265-2.6-1.40.19 (MiKTeX 2.9.6630 64-bit) (preloaded format=pdflatex 2018.5.20)  4 APR 2019 15:23
entering extended mode
**./mythesis.tex
(mythesis.tex
LaTeX2e <2017-04-15>
Babel <3.18> and hyphenation patterns for 75 language(s) loaded.
(thesis.cls
Document Class: thesis 2014/03/27

--------------------------------------------------------------
 +---+ Thesis Style (thesis.cls) version 1.13
 +---+ for University of Colorado Ph.D. theses/dissertations.
 * Conforms to the University of Colorado at Boulder Graduate
 * School "SPECIFICATIONS for Preparation of Master's Thesis
 * and Doctoral Dissertations" (rev. March 2014).
--------------------------------------------------------------
 URL: http://www.colorado.edu/oit/software-hardware/tex-latex

("C:\Users\phoeb\AppData\Local\Programs\MiKTeX 2.9\tex\latex\base\report.cls"
Document Class: report 2014/09/29 v1.4h Standard LaTeX document class
("C:\Users\phoeb\AppData\Local\Programs\MiKTeX 2.9\tex\latex\base\size11.clo"
File: size11.clo 2014/09/29 v1.4h Standard LaTeX file (size option)
)
\c@part=\count79
\c@chapter=\count80
\c@section=\count81
\c@subsection=\count82
\c@subsubsection=\count83
\c@paragraph=\count84
\c@subparagraph=\count85
\c@figure=\count86
\c@table=\count87
\abovecaptionskip=\skip41
\belowcaptionskip=\skip42
\bibindent=\dimen102
)
("C:\Users\phoeb\AppData\Local\Programs\MiKTeX 2.9\tex\latex\tools\indentfirst.
sty"
Package: indentfirst 1995/11/23 v1.03 Indent first paragraph (DPC)
)
("C:\Users\phoeb\AppData\Local\Programs\MiKTeX 2.9\tex\latex\base\ifthen.sty"
Package: ifthen 2014/09/29 v1.1c Standard LaTeX ifthen package (DPC)
)
("C:\Users\phoeb\AppData\Local\Programs\MiKTeX 2.9\tex\latex\ulem\ulem.sty"
\UL@box=\box26
\UL@hyphenbox=\box27
\UL@skip=\skip43
\UL@hook=\toks14
\UL@height=\dimen103
\UL@pe=\count88
\UL@pixel=\dimen104
\ULC@box=\box28
Package: ulem 2012/05/18
\ULdepth=\dimen105
)
\c@th@SecNum=\count89
\c@th@SectionSave=\count90
\th@SubSubSecSpc=\skip44
\c@th@storepage=\count91
)
("C:\Users\phoeb\AppData\Local\Programs\MiKTeX 2.9\tex\latex\amsfonts\amssymb.s
ty"
Package: amssymb 2013/01/14 v3.01 AMS font symbols

("C:\Users\phoeb\AppData\Local\Programs\MiKTeX 2.9\tex\latex\amsfonts\amsfonts.
sty"
Package: amsfonts 2013/01/14 v3.01 Basic AMSFonts support
\@emptytoks=\toks15
\symAMSa=\mathgroup4
\symAMSb=\mathgroup5
LaTeX Font Info:    Overwriting math alphabet `\mathfrak' in version `bold'
(Font)                  U/euf/m/n --> U/euf/b/n on input line 106.
))
("C:\Users\phoeb\AppData\Local\Programs\MiKTeX 2.9\tex\latex\graphics\graphicx.
sty"
Package: graphicx 2017/06/01 v1.1a Enhanced LaTeX Graphics (DPC,SPQR)

("C:\Users\phoeb\AppData\Local\Programs\MiKTeX 2.9\tex\latex\graphics\keyval.st
y"
Package: keyval 2014/10/28 v1.15 key=value parser (DPC)
\KV@toks@=\toks16
)
("C:\Users\phoeb\AppData\Local\Programs\MiKTeX 2.9\tex\latex\graphics\graphics.
sty"
Package: graphics 2017/06/25 v1.2c Standard LaTeX Graphics (DPC,SPQR)

("C:\Users\phoeb\AppData\Local\Programs\MiKTeX 2.9\tex\latex\graphics\trig.sty"
Package: trig 2016/01/03 v1.10 sin cos tan (DPC)
)
("C:\Users\phoeb\AppData\Local\Programs\MiKTeX 2.9\tex\latex\graphics-cfg\graph
ics.cfg"
File: graphics.cfg 2016/06/04 v1.11 sample graphics configuration
)
Package graphics Info: Driver file: pdftex.def on input line 99.

("C:\Users\phoeb\AppData\Local\Programs\MiKTeX 2.9\tex\latex\graphics-def\pdfte
x.def"
File: pdftex.def 2018/01/08 v1.0l Graphics/color driver for pdftex
))
\Gin@req@height=\dimen106
\Gin@req@width=\dimen107
)
("C:\Users\phoeb\AppData\Local\Programs\MiKTeX 2.9\tex\latex\hyperref\hyperref.
sty"
Package: hyperref 2018/02/06 v6.86b Hypertext links for LaTeX

("C:\Users\phoeb\AppData\Local\Programs\MiKTeX 2.9\tex\generic\oberdiek\hobsub-
hyperref.sty"
Package: hobsub-hyperref 2016/05/16 v1.14 Bundle oberdiek, subset hyperref (HO)


("C:\Users\phoeb\AppData\Local\Programs\MiKTeX 2.9\tex\generic\oberdiek\hobsub-
generic.sty"
Package: hobsub-generic 2016/05/16 v1.14 Bundle oberdiek, subset generic (HO)
Package: hobsub 2016/05/16 v1.14 Construct package bundles (HO)
Package: infwarerr 2016/05/16 v1.4 Providing info/warning/error messages (HO)
Package: ltxcmds 2016/05/16 v1.23 LaTeX kernel commands for general use (HO)
Package: ifluatex 2016/05/16 v1.4 Provides the ifluatex switch (HO)
Package ifluatex Info: LuaTeX not detected.
Package: ifvtex 2016/05/16 v1.6 Detect VTeX and its facilities (HO)
Package ifvtex Info: VTeX not detected.
Package: intcalc 2016/05/16 v1.2 Expandable calculations with integers (HO)
Package: ifpdf 2017/03/15 v3.2 Provides the ifpdf switch
Package: etexcmds 2016/05/16 v1.6 Avoid name clashes with e-TeX commands (HO)
Package etexcmds Info: Could not find \expanded.
(etexcmds)             That can mean that you are not using pdfTeX 1.50 or
(etexcmds)             that some package has redefined \expanded.
(etexcmds)             In the latter case, load this package earlier.
Package: kvsetkeys 2016/05/16 v1.17 Key value parser (HO)
Package: kvdefinekeys 2016/05/16 v1.4 Define keys (HO)
Package: pdftexcmds 2018/01/21 v0.26 Utility functions of pdfTeX for LuaTeX (HO
)
Package pdftexcmds Info: LuaTeX not detected.
Package pdftexcmds Info: \pdf@primitive is available.
Package pdftexcmds Info: \pdf@ifprimitive is available.
Package pdftexcmds Info: \pdfdraftmode found.
Package: pdfescape 2016/05/16 v1.14 Implements pdfTeX's escape features (HO)
Package: bigintcalc 2016/05/16 v1.4 Expandable calculations on big integers (HO
)
Package: bitset 2016/05/16 v1.2 Handle bit-vector datatype (HO)
Package: uniquecounter 2016/05/16 v1.3 Provide unlimited unique counter (HO)
)
Package hobsub Info: Skipping package `hobsub' (already loaded).
Package: letltxmacro 2016/05/16 v1.5 Let assignment for LaTeX macros (HO)
Package: hopatch 2016/05/16 v1.3 Wrapper for package hooks (HO)
Package: xcolor-patch 2016/05/16 xcolor patch
Package: atveryend 2016/05/16 v1.9 Hooks at the very end of document (HO)
Package atveryend Info: \enddocument detected (standard20110627).
Package: atbegshi 2016/06/09 v1.18 At begin shipout hook (HO)
Package: refcount 2016/05/16 v3.5 Data extraction from label references (HO)
Package: hycolor 2016/05/16 v1.8 Color options for hyperref/bookmark (HO)
)
("C:\Users\phoeb\AppData\Local\Programs\MiKTeX 2.9\tex\generic\ifxetex\ifxetex.
sty"
Package: ifxetex 2010/09/12 v0.6 Provides ifxetex conditional
)
("C:\Users\phoeb\AppData\Local\Programs\MiKTeX 2.9\tex\latex\oberdiek\auxhook.s
ty"
Package: auxhook 2016/05/16 v1.4 Hooks for auxiliary files (HO)


Package auxhook Warning: Cannot patch \document,
(auxhook)                using \AtBeginDocument instead.

)
("C:\Users\phoeb\AppData\Local\Programs\MiKTeX 2.9\tex\latex\oberdiek\kvoptions
.sty"
Package: kvoptions 2016/05/16 v3.12 Key value format for package options (HO)
)
\@linkdim=\dimen108
\Hy@linkcounter=\count92
\Hy@pagecounter=\count93

("C:\Users\phoeb\AppData\Local\Programs\MiKTeX 2.9\tex\latex\hyperref\pd1enc.de
f"
File: pd1enc.def 2018/02/06 v6.86b Hyperref: PDFDocEncoding definition (HO)
)
\Hy@SavedSpaceFactor=\count94

("C:\Users\phoeb\AppData\Local\Programs\MiKTeX 2.9\tex\latex\00miktex\hyperref.
cfg"
File: hyperref.cfg 2002/06/06 v1.2 hyperref configuration of TeXLive
)
Package hyperref Info: Hyper figures OFF on input line 4509.
Package hyperref Info: Link nesting OFF on input line 4514.
Package hyperref Info: Hyper index ON on input line 4517.
Package hyperref Info: Plain pages OFF on input line 4524.
Package hyperref Info: Backreferencing OFF on input line 4529.
Package hyperref Info: Implicit mode ON; LaTeX internals redefined.
Package hyperref Info: Bookmarks ON on input line 4762.
\c@Hy@tempcnt=\count95
 ("C:\Users\phoeb\AppData\Local\Programs\MiKTeX 2.9\tex\latex\url\url.sty"
\Urlmuskip=\muskip10
Package: url 2013/09/16  ver 3.4  Verb mode for urls, etc.
)
LaTeX Info: Redefining \url on input line 5115.
\XeTeXLinkMargin=\dimen109
\Fld@menulength=\count96
\Field@Width=\dimen110
\Fld@charsize=\dimen111
Package hyperref Info: Hyper figures OFF on input line 6369.
Package hyperref Info: Link nesting OFF on input line 6374.
Package hyperref Info: Hyper index ON on input line 6377.
Package hyperref Info: backreferencing OFF on input line 6384.
Package hyperref Info: Link coloring OFF on input line 6389.
Package hyperref Info: Link coloring with OCG OFF on input line 6394.
Package hyperref Info: PDF/A mode OFF on input line 6399.
LaTeX Info: Redefining \ref on input line 6439.
LaTeX Info: Redefining \pageref on input line 6443.
\Hy@abspage=\count97
\c@Item=\count98
\c@Hfootnote=\count99
)
Package hyperref Info: Driver (autodetected): hpdftex.

("C:\Users\phoeb\AppData\Local\Programs\MiKTeX 2.9\tex\latex\hyperref\hpdftex.d
ef"
File: hpdftex.def 2018/02/06 v6.86b Hyperref driver for pdfTeX
\Fld@listcount=\count100
\c@bookmark@seq@number=\count101

("C:\Users\phoeb\AppData\Local\Programs\MiKTeX 2.9\tex\latex\oberdiek\rerunfile
check.sty"
Package: rerunfilecheck 2016/05/16 v1.8 Rerun checks for auxiliary files (HO)
Package uniquecounter Info: New unique counter `rerunfilecheck' on input line 2
82.
)
\Hy@SectionHShift=\skip45
)
("C:\Users\phoeb\AppData\Local\Programs\MiKTeX 2.9\tex\latex\amsmath\amsmath.st
y"
Package: amsmath 2017/09/02 v2.17a AMS math features
\@mathmargin=\skip46

For additional information on amsmath, use the `?' option.

("C:\Users\phoeb\AppData\Local\Programs\MiKTeX 2.9\tex\latex\amsmath\amstext.st
y"
Package: amstext 2000/06/29 v2.01 AMS text

("C:\Users\phoeb\AppData\Local\Programs\MiKTeX 2.9\tex\latex\amsmath\amsgen.sty
"
File: amsgen.sty 1999/11/30 v2.0 generic functions
\@emptytoks=\toks17
\ex@=\dimen112
))
("C:\Users\phoeb\AppData\Local\Programs\MiKTeX 2.9\tex\latex\amsmath\amsbsy.sty
"
Package: amsbsy 1999/11/29 v1.2d Bold Symbols
\pmbraise@=\dimen113
)
("C:\Users\phoeb\AppData\Local\Programs\MiKTeX 2.9\tex\latex\amsmath\amsopn.sty
"
Package: amsopn 2016/03/08 v2.02 operator names
)
\inf@bad=\count102
LaTeX Info: Redefining \frac on input line 213.
\uproot@=\count103
\leftroot@=\count104
LaTeX Info: Redefining \overline on input line 375.
\classnum@=\count105
\DOTSCASE@=\count106
LaTeX Info: Redefining \ldots on input line 472.
LaTeX Info: Redefining \dots on input line 475.
LaTeX Info: Redefining \cdots on input line 596.
\Mathstrutbox@=\box29
\strutbox@=\box30
\big@size=\dimen114
LaTeX Font Info:    Redeclaring font encoding OML on input line 712.
LaTeX Font Info:    Redeclaring font encoding OMS on input line 713.
\macc@depth=\count107
\c@MaxMatrixCols=\count108
\dotsspace@=\muskip11
\c@parentequation=\count109
\dspbrk@lvl=\count110
\tag@help=\toks18
\row@=\count111
\column@=\count112
\maxfields@=\count113
\andhelp@=\toks19
\eqnshift@=\dimen115
\alignsep@=\dimen116
\tagshift@=\dimen117
\tagwidth@=\dimen118
\totwidth@=\dimen119
\lineht@=\dimen120
\@envbody=\toks20
\multlinegap=\skip47
\multlinetaggap=\skip48
\mathdisplay@stack=\toks21
LaTeX Info: Redefining \[ on input line 2817.
LaTeX Info: Redefining \] on input line 2818.
)
("C:\Users\phoeb\AppData\Local\Programs\MiKTeX 2.9\tex\latex\jknappen\mathrsfs.
sty"
Package: mathrsfs 1996/01/01 Math RSFS package v1.0 (jk)
\symrsfs=\mathgroup6
)
("C:\Users\phoeb\AppData\Local\Programs\MiKTeX 2.9\tex\latex\braket\braket.sty"
) ("C:\Users\phoeb\AppData\Local\Programs\MiKTeX 2.9\tex\latex\tools\bm.sty"
Package: bm 2017/01/16 v1.2c Bold Symbol Support (DPC/FMi)
\symboldoperators=\mathgroup7
\symboldletters=\mathgroup8
\symboldsymbols=\mathgroup9
LaTeX Font Info:    Redeclaring math alphabet \mathbf on input line 141.
LaTeX Info: Redefining \bm on input line 207.
)
Putting page number on short LoT
(mythesis.aux

LaTeX Warning: Label `eqn:4' multiply defined.

)
\openout1 = `mythesis.aux'.

LaTeX Font Info:    Checking defaults for OML/cmm/m/it on input line 60.
LaTeX Font Info:    ... okay on input line 60.
LaTeX Font Info:    Checking defaults for T1/cmr/m/n on input line 60.
LaTeX Font Info:    ... okay on input line 60.
LaTeX Font Info:    Checking defaults for OT1/cmr/m/n on input line 60.
LaTeX Font Info:    ... okay on input line 60.
LaTeX Font Info:    Checking defaults for OMS/cmsy/m/n on input line 60.
LaTeX Font Info:    ... okay on input line 60.
LaTeX Font Info:    Checking defaults for OMX/cmex/m/n on input line 60.
LaTeX Font Info:    ... okay on input line 60.
LaTeX Font Info:    Checking defaults for U/cmr/m/n on input line 60.
LaTeX Font Info:    ... okay on input line 60.
LaTeX Font Info:    Checking defaults for PD1/pdf/m/n on input line 60.
LaTeX Font Info:    ... okay on input line 60.

("C:\Users\phoeb\AppData\Local\Programs\MiKTeX 2.9\tex\context\base\supp-pdf.mk
ii"
[Loading MPS to PDF converter (version 2006.09.02).]
\scratchcounter=\count114
\scratchdimen=\dimen121
\scratchbox=\box31
\nofMPsegments=\count115
\nofMParguments=\count116
\everyMPshowfont=\toks22
\MPscratchCnt=\count117
\MPscratchDim=\dimen122
\MPnumerator=\count118
\makeMPintoPDFobject=\count119
\everyMPtoPDFconversion=\toks23
)
("C:\Users\phoeb\AppData\Local\Programs\MiKTeX 2.9\tex\latex\oberdiek\epstopdf-
base.sty"
Package: epstopdf-base 2016/05/15 v2.6 Base part for package epstopdf

("C:\Users\phoeb\AppData\Local\Programs\MiKTeX 2.9\tex\latex\oberdiek\grfext.st
y"
Package: grfext 2016/05/16 v1.2 Manage graphics extensions (HO)
)
Package epstopdf-base Info: Redefining graphics rule for `.eps' on input line 4
38.
Package grfext Info: Graphics extension search list:
(grfext)             [.pdf,.png,.jpg,.mps,.jpeg,.jbig2,.jb2,.PDF,.PNG,.JPG,.JPE
G,.JBIG2,.JB2,.eps]
(grfext)             \AppendGraphicsExtensions on input line 456.
)
\AtBeginShipoutBox=\box32
Package hyperref Info: Link coloring OFF on input line 60.

("C:\Users\phoeb\AppData\Local\Programs\MiKTeX 2.9\tex\latex\hyperref\nameref.s
ty"
Package: nameref 2016/05/21 v2.44 Cross-referencing by name of section

("C:\Users\phoeb\AppData\Local\Programs\MiKTeX 2.9\tex\generic\oberdiek\gettitl
estring.sty"
Package: gettitlestring 2016/05/16 v1.5 Cleanup title references (HO)
)
\c@section@level=\count120
)
LaTeX Info: Redefining \ref on input line 60.
LaTeX Info: Redefining \pageref on input line 60.
LaTeX Info: Redefining \nameref on input line 60.
 (mythesis.out) (mythesis.out)
\@outlinefile=\write3
\openout3 = `mythesis.out'.


Making Title Page
Making Approval Page
[1


{C:/Users/phoeb/AppData/Local/MiKTeX/2.9/pdftex/config/pdftex.map}]
Making Abstract Page
[2

]
LaTeX Font Info:    Try loading font information for U+msa on input line 60.

("C:\Users\phoeb\AppData\Local\Programs\MiKTeX 2.9\tex\latex\amsfonts\umsa.fd"
File: umsa.fd 2013/01/14 v3.01 AMS symbols A
)
LaTeX Font Info:    Try loading font information for U+msb on input line 60.
("C:\Users\phoeb\AppData\Local\Programs\MiKTeX 2.9\tex\latex\amsfonts\umsb.fd"
File: umsb.fd 2013/01/14 v3.01 AMS symbols B
)
LaTeX Font Info:    Try loading font information for U+rsfs on input line 60.
("C:\Users\phoeb\AppData\Local\Programs\MiKTeX 2.9\tex\latex\jknappen\ursfs.fd"
File: ursfs.fd 1998/03/24 rsfs font definition file (jk)
)
Making Dedication Page
[3

] [4]
centered
Making Acknowledgement Page
[5


]
centered
Making ToC Page
[6


]
centered
(mythesis.toc [7

] [8] [9])
\tf@toc=\write4
\openout4 = `mythesis.toc'.


Making LoT Page
Making Short LoT...
[10]
centered
Short Chapter (page numbered)
(mythesis.lot)
\tf@lot=\write5
\openout5 = `mythesis.lot'.


Making LoF Page
[11

]
centered
(mythesis.lof [12

]
Missing character: There is no ‚ in font cmr10!
Missing character: There is no à in font cmr10!
Missing character: There is no í in font cmr10!
Missing character: There is no ‚ in font cmr10!
Missing character: There is no â in font cmr10!
Missing character: There is no à in font cmr10!
Missing character: There is no ‚ in font cmr10!
Missing character: There is no à in font cmr10!
Missing character: There is no í in font cmr10!
Missing character: There is no ‚ in font cmr10!
Missing character: There is no â in font cmr10!
Missing character: There is no à in font cmr10!


LaTeX Warning: Command \r invalid in math mode on input line 14.


LaTeX Warning: Command \r invalid in math mode on input line 14.

[13] [14] [15]
Missing character: There is no ‚ in font cmr10!
Missing character: There is no à in font cmr10!
Missing character: There is no í in font cmr10!
 [16] [17] [18] [19] [20] [21] [22])
\tf@lof=\write6
\openout6 = `mythesis.lof'.




-------------------Beginning Body----------------------


[23] (macros.tex
\c@th@theorem=\count121
) (chapter1.tex
 \th@ChapterStyle\th@DoChapCenterChapter \th@ChapterStyle 1.
centered
[1


] [2]
Overfull \hbox (9.44144pt too wide) in paragraph at lines 12--13
[]\OT1/cmr/m/n/10.95 This dy-namic pro-cess has been stud-ied us-ing many ex-pe
r-i-men-tal tech-niques, in-clud-ing magneto-
 []

[3]
Missing character: There is no ‚ in font cmr10!
Missing character: There is no Ä in font cmr10!
Missing character: There is no ú in font cmr10!
Missing character: There is no ‚ in font cmr10!
Missing character: There is no Ä in font cmr10!
Missing character: There is no ù in font cmr10!
Missing character: There is no ‚ in font cmr10!
Missing character: There is no Ä in font cmr10!
Missing character: There is no ì in font cmr10!
 [4]
Missing character: There is no ‚ in font cmr10!
Missing character: There is no Ä in font cmr10!
Missing character: There is no ì in font cmr10!
Missing character: There is no ‚ in font cmr10!
Missing character: There is no Ä in font cmr10!
Missing character: There is no ì in font cmr10!
Missing character: There is no ‚ in font cmr10!
Missing character: There is no Ä in font cmr10!
Missing character: There is no ì in font cmr10!
Missing character: There is no ‚ in font cmr10!
Missing character: There is no Ä in font cmr10!
Missing character: There is no ì in font cmr10!
) (chapter2.tex [5] [6]
 \th@ChapterStyle\th@DoChapCenterChapter \th@ChapterStyle 2.
centered
[7

] [8] [9] [10] [11] [12] [13] [14] [15] [16] [17] [18] [19] [20]
<figs/TransitionMetalValenceShells.png, id=1029, 584.78474pt x 101.78024pt>
File: figs/TransitionMetalValenceShells.png Graphic file (type png)
<use figs/TransitionMetalValenceShells.png>
Package pdftex.def Info: figs/TransitionMetalValenceShells.png  used on input l
ine 304.
(pdftex.def)             Requested size: 426.79134pt x 74.28185pt.
 [21 <./figs/TransitionMetalValenceShells.png>] [22]
<figs/StonerModel.pdf, id=1047, 327.2067pt x 179.25235pt>
File: figs/StonerModel.pdf Graphic file (type pdf)
<use figs/StonerModel.pdf>
Package pdftex.def Info: figs/StonerModel.pdf  used on input line 348.
(pdftex.def)             Requested size: 284.52756pt x 155.8799pt.
 [23 <./figs/StonerModel.pdf>] [24]
[25]) (chapter3.tex [26] [27]
 \th@ChapterStyle\th@DoChapCenterChapter \th@ChapterStyle 3.
centered
[28

] [29] [30] [31] [32] [33] [34]
<figs/XMCDMicroscopic.pdf, id=1192, 227.62204pt x 142.26378pt>
File: figs/XMCDMicroscopic.pdf Graphic file (type pdf)
<use figs/XMCDMicroscopic.pdf>
Package pdftex.def Info: figs/XMCDMicroscopic.pdf  used on input line 137.
(pdftex.def)             Requested size: 426.79134pt x 266.77647pt.
 [35] [36 <./figs/XMCDMicroscopic.pdf>]
<figs/TMOKEGeometry.pdf, id=1272, 284.52756pt x 184.94292pt>
File: figs/TMOKEGeometry.pdf Graphic file (type pdf)
<use figs/TMOKEGeometry.pdf>
Package pdftex.def Info: figs/TMOKEGeometry.pdf  used on input line 155.
(pdftex.def)             Requested size: 142.26378pt x 92.47403pt.

[37 <./figs/TMOKEGeometry.pdf>] [38] [39]
<figs/HHGSchematic.png, id=1309, 539.01375pt x 449.2785pt>
File: figs/HHGSchematic.png Graphic file (type png)
<use figs/HHGSchematic.png>
Package pdftex.def Info: figs/HHGSchematic.png  used on input line 214.
(pdftex.def)             Requested size: 284.52756pt x 237.16356pt.
<figs/TMOKEExpSchematic.pdf, id=1311, 489.32813pt x 286.06876pt>
File: figs/TMOKEExpSchematic.pdf Graphic file (type pdf)
<use figs/TMOKEExpSchematic.pdf>
Package pdftex.def Info: figs/TMOKEExpSchematic.pdf  used on input line 230.
(pdftex.def)             Requested size: 426.79134pt x 249.5151pt.
 [40] [41 <./figs/HHGSchematic.png>])
(chapter4.tex [42] [43 <./figs/TMOKEExpSchematic.pdf>]
 \th@ChapterStyle\th@DoChapCenterChapter \th@ChapterStyle 4.
centered
[44

] [45]
<aap9744_Figure_fig1_seq1_v1.pdf, id=1370, 868.24374pt x 587.19376pt>
File: aap9744_Figure_fig1_seq1_v1.pdf Graphic file (type pdf)
<use aap9744_Figure_fig1_seq1_v1.pdf>
Package pdftex.def Info: aap9744_Figure_fig1_seq1_v1.pdf  used on input line 21
.
(pdftex.def)             Requested size: 426.79134pt x 288.64136pt.
Missing character: There is no ‚ in font cmr10!
Missing character: There is no à in font cmr10!
Missing character: There is no í in font cmr10!


LaTeX Warning: Command \r invalid in math mode on input line 26.

Missing character: There is no ‚ in font cmr10!
Missing character: There is no à in font cmr10!
Missing character: There is no í in font cmr10!
[46] [47 <./aap9744_Figure_fig1_seq1_v1.pdf>]
<aap9744_Figure_fig2_seq2_v1.pdf, id=1391, 1251.67625pt x 799.98875pt>
File: aap9744_Figure_fig2_seq2_v1.pdf Graphic file (type pdf)
<use aap9744_Figure_fig2_seq2_v1.pdf>
Package pdftex.def Info: aap9744_Figure_fig2_seq2_v1.pdf  used on input line 30
.
(pdftex.def)             Requested size: 426.79134pt x 272.77382pt.
Missing character: There is no ‚ in font cmr10!
Missing character: There is no à in font cmr10!
Missing character: There is no í in font cmr10!
Missing character: There is no ‚ in font cmr10!
Missing character: There is no â in font cmr10!
Missing character: There is no à in font cmr10!
Missing character: There is no ‚ in font cmr10!
Missing character: There is no à in font cmr10!
Missing character: There is no í in font cmr10!
Missing character: There is no ‚ in font cmr10!
Missing character: There is no à in font cmr10!
Missing character: There is no í in font cmr10!
Missing character: There is no ‚ in font cmr10!
Missing character: There is no â in font cmr10!
Missing character: There is no à in font cmr10!
Missing character: There is no ‚ in font cmr10!
Missing character: There is no à in font cmr10!
Missing character: There is no í in font cmr10!
Missing character: There is no ‚ in font cmr10!
Missing character: There is no â in font cmr10!
Missing character: There is no à in font cmr10!
Missing character: There is no ‚ in font cmr10!
Missing character: There is no à in font cmr10!
Missing character: There is no í in font cmr10!
Missing character: There is no ‚ in font cmr10!
Missing character: There is no à in font cmr10!
Missing character: There is no í in font cmr10!
<aap9744_Figure_fig3_seq3_v1.pdf, id=1402, 1001.7425pt x 577.15625pt>
File: aap9744_Figure_fig3_seq3_v1.pdf Graphic file (type pdf)
<use aap9744_Figure_fig3_seq3_v1.pdf>
Package pdftex.def Info: aap9744_Figure_fig3_seq3_v1.pdf  used on input line 43
.
(pdftex.def)             Requested size: 426.79134pt x 245.90022pt.
Missing character: There is no ‚ in font cmr10!
Missing character: There is no â in font cmr10!
Missing character: There is no à in font cmr10!


LaTeX Warning: Command \r invalid in math mode on input line 45.


LaTeX Warning: Command \r invalid in math mode on input line 45.

Missing character: There is no ‚ in font cmr10!
Missing character: There is no â in font cmr10!
Missing character: There is no à in font cmr10!

LaTeX Warning: Command \r invalid in math mode on input line 45.


LaTeX Warning: Command \r invalid in math mode on input line 45.

[48] [49 <./aap9744_Figure_fig2_seq2_v1.pdf>]
<aap9744_Figure_fig4_seq4_v1.pdf, id=1418, 900.36375pt x 634.37pt>
File: aap9744_Figure_fig4_seq4_v1.pdf Graphic file (type pdf)
<use aap9744_Figure_fig4_seq4_v1.pdf>
Package pdftex.def Info: aap9744_Figure_fig4_seq4_v1.pdf  used on input line 53
.
(pdftex.def)             Requested size: 426.79134pt x 300.70937pt.
 [50] [51 <./aap9744_Figure_fig3_seq3_v1.pdf>] [52 <./aap9744_Figure_fig4_seq4_
v1.pdf>]
Missing character: There is no ‚ in font cmr10!
Missing character: There is no Ä in font cmr10!
Missing character: There is no ú in font cmr10!
Missing character: There is no ‚ in font cmr10!
Missing character: There is no Ä in font cmr10!
Missing character: There is no ù in font cmr10!
 [53] [54]

LaTeX Warning: Citation `Koopmans2009' on page 55 undefined on input line 72.

[55]
Missing character: There is no ‚ in font cmr10!
Missing character: There is no Ä in font cmr10!
Missing character: There is no î in font cmr10!
Missing character: There is no √ in font cmr10!
Missing character: There is no © in font cmr10!
 [56]
Missing character: There is no ¬ in font cmr10!
Missing character: There is no ∞ in font cmr10!
 [57]
Missing character: There is no ‚ in font cmr8!
Missing character: There is no à in font cmr10!
Missing character: There is no í in font cmr10!
Missing character: There is no ‚ in font cmr10!
Missing character: There is no Ä in font cmr10!
Missing character: There is no ≤ in font cmr10!
Missing character: There is no ‚ in font cmr10!
Missing character: There is no Ä in font cmr10!
Missing character: There is no ô in font cmr10!
 [58] [59]
<figs/NiFigS1.png, id=1523, 572.73975pt x 418.56375pt>
File: figs/NiFigS1.png Graphic file (type png)
<use figs/NiFigS1.png>
Package pdftex.def Info: figs/NiFigS1.png  used on input line 119.
(pdftex.def)             Requested size: 426.79134pt x 311.9102pt.
<figs/NiFigS7.png, id=1526, 353.52075pt x 225.2415pt>
File: figs/NiFigS7.png Graphic file (type png)
<use figs/NiFigS7.png>
Package pdftex.def Info: figs/NiFigS7.png  used on input line 133.
(pdftex.def)             Requested size: 426.79134pt x 271.93814pt.
 [60] [61 <./figs/NiFigS1.png>] [62 <./figs/NiFigS7.png>]
<figs/NiFigS8.png, id=1549, 375.804pt x 155.98276pt>
File: figs/NiFigS8.png Graphic file (type png)
<use figs/NiFigS8.png>
Package pdftex.def Info: figs/NiFigS8.png  used on input line 145.
(pdftex.def)             Requested size: 426.79134pt x 177.15576pt.
 [63] [64 <./figs/NiFigS8.png>]

Package hyperref Warning: Suppressing link with empty target on input line 159.



Package hyperref Warning: Suppressing link with empty target on input line 159.



Package hyperref Warning: Suppressing link with empty target on input line 165.



Package hyperref Warning: Suppressing link with empty target on input line 165.


Missing character: There is no ‚ in font cmr10!
Missing character: There is no Ä in font cmr10!
Missing character: There is no ú in font cmr10!
Missing character: There is no ‚ in font cmr10!
Missing character: There is no Ä in font cmr10!
Missing character: There is no ù in font cmr10!
[65]
<figs/NiFigS9.png, id=1575, 338.4645pt x 265.59225pt>
File: figs/NiFigS9.png Graphic file (type png)
<use figs/NiFigS9.png>
Package pdftex.def Info: figs/NiFigS9.png  used on input line 171.
(pdftex.def)             Requested size: 426.79134pt x 334.92761pt.
) (chapter5.tex [66] [67 <./figs/NiFigS9.png>]
 \th@ChapterStyle\th@DoChapCenterChapter \th@ChapterStyle 5.
centered
[68

]
<figs/PRLFig1.png, id=1605, 375.804pt x 154.77824pt>
File: figs/PRLFig1.png Graphic file (type png)
<use figs/PRLFig1.png>
Package pdftex.def Info: figs/PRLFig1.png  used on input line 12.
(pdftex.def)             Requested size: 426.79134pt x 175.78773pt.
<figs/PRLFig2.png, id=1606, 167.4255pt x 192.11775pt>
File: figs/PRLFig2.png Graphic file (type png)
<use figs/PRLFig2.png>
Package pdftex.def Info: figs/PRLFig2.png  used on input line 20.
(pdftex.def)             Requested size: 213.39566pt x 244.87213pt.
Missing character: There is no ‚ in font cmr10!
Missing character: There is no à in font cmr10!
Missing character: There is no í in font cmr10!
Missing character: There is no ‚ in font cmr10!
Missing character: There is no à in font cmr10!
Missing character: There is no í in font cmr10!


LaTeX Warning: Command \r invalid in math mode on input line 25.

Missing character: There is no ‚ in font cmr8!
Missing character: There is no à in font cmr8!
Missing character: There is no í in font cmr8!
[69] [70 <./figs/PRLFig1.png>] [71 <./figs/PRLFig2.png>]
Missing character: There is no ‚ in font cmr10!
Missing character: There is no Ä in font cmr10!
Missing character: There is no î in font cmr10!
<figs/PRLFig3.png, id=1632, 375.804pt x 246.9225pt>
File: figs/PRLFig3.png Graphic file (type png)
<use figs/PRLFig3.png>
Package pdftex.def Info: figs/PRLFig3.png  used on input line 42.
(pdftex.def)             Requested size: 426.79134pt x 280.43959pt.


LaTeX Warning: Reference `fig: PRLfig5.3' on page 72 undefined on input line 47
.

[72] [73 <./figs/PRLFig3.png>]

LaTeX Warning: Reference `eqn:5.4' on page 74 undefined on input line 70.

Missing character: There is no ‚ in font cmr10!
Missing character: There is no Ä in font cmr10!
Missing character: There is no î in font cmr10!
[74]
Missing character: There is no ‚ in font cmr10!
Missing character: There is no Ä in font cmr10!
Missing character: There is no î in font cmr10!
 [75]
Missing character: There is no ‚ in font cmr10!
Missing character: There is no Ä in font cmr10!
Missing character: There is no î in font cmr10!
 [76]
<figs/PRLFig4.png, id=1692, 470.0835pt x 329.814pt>
File: figs/PRLFig4.png Graphic file (type png)
<use figs/PRLFig4.png>
Package pdftex.def Info: figs/PRLFig4.png  used on input line 82.
(pdftex.def)             Requested size: 426.79134pt x 299.45181pt.
 [77] [78 <./figs/PRLFig4.png>]

LaTeX Warning: Citation `Zusin2018' on page 79 undefined on input line 101.

[79]
<figs/PRLSI1.png, id=1714, 874.467pt x 312.56775pt>
File: figs/PRLSI1.png Graphic file (type png)
<use figs/PRLSI1.png>
Package pdftex.def Info: figs/PRLSI1.png  used on input line 106.
(pdftex.def)             Requested size: 426.79134pt x 152.55382pt.
<figs/PRLSI2.png, id=1721, 529.37775pt x 438.438pt>
File: figs/PRLSI2.png Graphic file (type png)
<use figs/PRLSI2.png>
Package pdftex.def Info: figs/PRLSI2.png  used on input line 118.
(pdftex.def)             Requested size: 426.79134pt x 353.47371pt.
 [80] [81 <./figs/PRLSI1.png>] [82 <./figs/PRLSI2.png>]
<figs/PRLSI3.png, id=1736, 367.97475pt x 384.2355pt>
File: figs/PRLSI3.png Graphic file (type png)
<use figs/PRLSI3.png>
Package pdftex.def Info: figs/PRLSI3.png  used on input line 130.
(pdftex.def)             Requested size: 341.43306pt x 356.52037pt.
 [83] [84 <./figs/PRLSI3.png>]
<figs/PRLSI4.png, id=1749, 491.436pt x 333.04425pt>
File: figs/PRLSI4.png Graphic file (type png)
<use figs/PRLSI4.png>
Package pdftex.def Info: figs/PRLSI4.png  used on input line 143.
(pdftex.def)             Requested size: 341.43306pt x 231.39647pt.
<figs/PRLSI5.png, id=1753, 396.2805pt x 272.81924pt>
File: figs/PRLSI5.png Graphic file (type png)
<use figs/PRLSI5.png>
Package pdftex.def Info: figs/PRLSI5.png  used on input line 155.
(pdftex.def)             Requested size: 341.43306pt x 235.07372pt.
) (chapter6.tex [85] [86 <./figs/PRLSI4.png> <./figs/PRLSI5.png>]
 \th@ChapterStyle\th@DoChapCenterChapter \th@ChapterStyle 6.
centered
[87

]
<figs/Heus1.png, id=1772, 367.3725pt x 287.8755pt>
File: figs/Heus1.png Graphic file (type png)
<use figs/Heus1.png>
Package pdftex.def Info: figs/Heus1.png  used on input line 12.
(pdftex.def)             Requested size: 426.79134pt x 334.45853pt.
 [88] [89 <./figs/Heus1.png>]
<figs/Heus2.png, id=1785, 531.78674pt x 427.5975pt>
File: figs/Heus2.png Graphic file (type png)
<use figs/Heus2.png>
Package pdftex.def Info: figs/Heus2.png  used on input line 25.
(pdftex.def)             Requested size: 426.79134pt x 343.17459pt.


LaTeX Warning: Reference `Shaw2018' on page 90 undefined on input line 32.

[90] [91 <./figs/Heus2.png>]
<figs/Heus3.png, id=1802, 293.29575pt x 399.894pt>
File: figs/Heus3.png Graphic file (type png)
<use figs/Heus3.png>
Package pdftex.def Info: figs/Heus3.png  used on input line 42.
(pdftex.def)             Requested size: 227.62204pt x 310.36006pt.
 [92] [93 <./figs/Heus3.png>]
<figs/Heus4.png, id=1818, 558.28575pt x 367.97475pt>
File: figs/Heus4.png Graphic file (type png)
<use figs/Heus4.png>
Package pdftex.def Info: figs/Heus4.png  used on input line 52.
(pdftex.def)             Requested size: 426.79134pt x 281.30324pt.
 [94] [95 <./figs/Heus4.png>] [96]) (chapter7.tex [97] [98]
 \th@ChapterStyle\th@DoChapCenterChapter \th@ChapterStyle 7.
centered
[99

] [100]) (mythesis.bbl [101]
centered
[102

]
Missing character: There is no ‚ in font cmr10!
Missing character: There is no Ä in font cmr10!
Missing character: There is no ì in font cmr10!
 [103] [104]
Missing character: There is no ≈ in font cmr10!
Missing character: There is no ô in font cmr10!
Missing character: There is no ‚ in font cmr10!
Missing character: There is no à in font cmr10!
Missing character: There is no í in font cmr10!
 [105] [106]
Missing character: There is no ‚ in font cmr10!
Missing character: There is no à in font cmr10!
Missing character: There is no í in font cmr10!
Missing character: There is no ‚ in font cmr10!
Missing character: There is no Ä in font cmr10!
Missing character: There is no â in font cmr10!
 [107]
Underfull \hbox (badness 10000) in paragraph at lines 515--518
[]\OT1/cmr/m/n/10.95 O. Er-icks-son, A. Berman, L. Bergqvist, and J. Hellsvik.
 []


Underfull \hbox (badness 7203) in paragraph at lines 556--560
[]\OT1/cmr/m/n/10.95 Joern N. Kupfer-schmidt and Piet W. Brouwer.  An-dreev re-
flec-tion at half-
 []


Underfull \hbox (badness 1242) in paragraph at lines 556--560
\OT1/cmr/m/n/10.95 metal/superconductor in-ter-faces with nonuni-form mag-ne-ti
-za-tion.  |   []   |   []   |   [],
 []

[108]) (appendixA.tex [109]
 \th@ChapterStyle\th@DoChapCenterAppendix \th@ChapterStyle A.
centered
Missing character: There is no Œ in font cmr10!
Missing character: There is no º in font cmr10!
[110

]

LaTeX Warning: Command \r invalid in math mode on input line 9.


LaTeX Warning: Command \r invalid in math mode on input line 9.

[111]
<figs/NiFigS2.png, id=1948, 256.5585pt x 215.00325pt>
File: figs/NiFigS2.png Graphic file (type png)
<use figs/NiFigS2.png>
Package pdftex.def Info: figs/NiFigS2.png  used on input line 22.
(pdftex.def)             Requested size: 426.79134pt x 357.69922pt.
Missing character: There is no ‚ in font cmr10!
Missing character: There is no Ä in font cmr10!
Missing character: There is no ì in font cmr10!
 [112] [113 <./figs/NiFigS2.png>]
Missing character: There is no Œ in font cmr10!
Missing character: There is no î in font cmr10!
 [114]
<figs/NiFigS3.png, id=1970, 338.4645pt x 136.1085pt>
File: figs/NiFigS3.png Graphic file (type png)
<use figs/NiFigS3.png>
Package pdftex.def Info: figs/NiFigS3.png  used on input line 37.
(pdftex.def)             Requested size: 426.79134pt x 171.6409pt.


LaTeX Warning: Command \r invalid in math mode on input line 45.


LaTeX Warning: Command \r invalid in math mode on input line 50.


Overfull \hbox (1.35411pt too wide) in paragraph at lines 49--51
\OT1/cmr/m/n/10.95 where E is the pho-to-elec-tron en-ergy, m rep-re-sents the 
in-dex of the Voigt func-tions, $\OML/cmm/m/it/10.95 V\OT1/cmr/m/n/10.95 (\OML/
cmm/m/it/10.95 E\OT1/cmr/m/n/10.95 ; \OML/cmm/m/it/10.95 E[]; []; []\OT1/cmr/
m/n/10.95 )$
 []

[115 <./figs/NiFigS3.png>]
<figs/NiFigS4.png, id=1980, 375.804pt x 202.356pt>
File: figs/NiFigS4.png Graphic file (type png)
<use figs/NiFigS4.png>
Package pdftex.def Info: figs/NiFigS4.png  used on input line 54.
(pdftex.def)             Requested size: 426.79134pt x 229.82367pt.
 [116] [117 <./figs/NiFigS4.png>]
<figs/NiFigS5.png, id=1993, 205.36725pt x 277.63725pt>
File: figs/NiFigS5.png Graphic file (type png)
<use figs/NiFigS5.png>
Package pdftex.def Info: figs/NiFigS5.png  used on input line 66.
(pdftex.def)             Requested size: 199.16928pt x 269.26544pt.


LaTeX Warning: Command \r invalid in math mode on input line 73.

<figs/NiFigS6.png, id=1998, 375.804pt x 148.75575pt>
File: figs/NiFigS6.png Graphic file (type png)
<use figs/NiFigS6.png>
Package pdftex.def Info: figs/NiFigS6.png  used on input line 77.
(pdftex.def)             Requested size: 426.79134pt x 168.94774pt.
) (appendixB.tex [118] [119 <./figs/NiFigS5.png> <./figs/NiFigS6.png>]
 \th@ChapterStyle\th@DoChapCenterAppendix \th@ChapterStyle B.
centered
<figs/Heuslerstatic.png, id=2008, 752.8125pt x 252.945pt>
File: figs/Heuslerstatic.png Graphic file (type png)
<use figs/Heuslerstatic.png>
Package pdftex.def Info: figs/Heuslerstatic.png  used on input line 9.
(pdftex.def)             Requested size: 426.79134pt x 143.40436pt.
Missing character: There is no ¬ in font cmr10!
Missing character: There is no ∞ in font cmr10!
Missing character: There is no ¬ in font cmr10!
Missing character: There is no ∞ in font cmr10!
[120

 <./figs/Heuslerstatic.png>]

LaTeX Warning: Reference `fig: ReflectivityHeusle' on page 121 undefined on inp
ut line 20.

<figs/ReflectivityHeusler.png, id=2015, 279.444pt x 178.266pt>
File: figs/ReflectivityHeusler.png Graphic file (type png)
<use figs/ReflectivityHeusler.png>
Package pdftex.def Info: figs/ReflectivityHeusler.png  used on input line 24.
(pdftex.def)             Requested size: 426.79134pt x 272.26732pt.
[121] [122 <./figs/ReflectivityHeusler.png>]
<figs/ElementAveMOKE.png, id=2026, 390.86024pt x 295.70474pt>
File: figs/ElementAveMOKE.png Graphic file (type png)
<use figs/ElementAveMOKE.png>
Package pdftex.def Info: figs/ElementAveMOKE.png  used on input line 35.
(pdftex.def)             Requested size: 341.43306pt x 258.31686pt.


Package hyperref Warning: Token not allowed in a PDF string (PDFDocEncoding):
(hyperref)                removing `math shift' on input line 41.


Package hyperref Warning: Token not allowed in a PDF string (PDFDocEncoding):
(hyperref)                removing `subscript' on input line 41.


Package hyperref Warning: Token not allowed in a PDF string (PDFDocEncoding):
(hyperref)                removing `math shift' on input line 41.


Package hyperref Warning: Token not allowed in a PDF string (PDFDocEncoding):
(hyperref)                removing `math shift' on input line 41.


Package hyperref Warning: Token not allowed in a PDF string (PDFDocEncoding):
(hyperref)                removing `\alpha' on input line 41.


Package hyperref Warning: Token not allowed in a PDF string (PDFDocEncoding):
(hyperref)                removing `math shift' on input line 41.


Package hyperref Warning: Token not allowed in a PDF string (PDFDocEncoding):
(hyperref)                removing `math shift' on input line 41.


Package hyperref Warning: Token not allowed in a PDF string (PDFDocEncoding):
(hyperref)                removing `subscript' on input line 41.


Package hyperref Warning: Token not allowed in a PDF string (PDFDocEncoding):
(hyperref)                removing `math shift' on input line 41.


Package hyperref Warning: Token not allowed in a PDF string (PDFDocEncoding):
(hyperref)                removing `math shift' on input line 41.


Package hyperref Warning: Token not allowed in a PDF string (PDFDocEncoding):
(hyperref)                removing `subscript' on input line 41.


Package hyperref Warning: Token not allowed in a PDF string (PDFDocEncoding):
(hyperref)                removing `math shift' on input line 41.


LaTeX Warning: Reference `SapphireHeusler' on page 123 undefined on input line 
43.

<figs/SapphireHeusler.png, id=2027, 224.037pt x 158.994pt>
File: figs/SapphireHeusler.png Graphic file (type png)
<use figs/SapphireHeusler.png>
Package pdftex.def Info: figs/SapphireHeusler.png  used on input line 47.
(pdftex.def)             Requested size: 341.43306pt x 242.31143pt.
[123] [124 <./figs/ElementAveMOKE.png> <./figs/SapphireHeusler.png>]
Missing character: There is no œ in font cmr10!
Missing character: There is no É in font cmr10!
 [125]
<figs/ElementOrbitalDOS.png, id=2054, 375.804pt x 150.5625pt>
File: figs/ElementOrbitalDOS.png Graphic file (type png)
<use figs/ElementOrbitalDOS.png>
Package pdftex.def Info: figs/ElementOrbitalDOS.png  used on input line 88.
(pdftex.def)             Requested size: 426.79134pt x 170.99974pt.


LaTeX Warning: Reference `TransProbB2' on page 126 undefined on input line 94.

<figs/TransitionProbB2.png, id=2056, 415.5525pt x 501.072pt>
File: figs/TransitionProbB2.png Graphic file (type png)
<use figs/TransitionProbB2.png>
Package pdftex.def Info: figs/TransitionProbB2.png  used on input line 97.
(pdftex.def)             Requested size: 426.79134pt x 514.64195pt.
[126 <./figs/ElementOrbitalDOS.png>]
<figs/TransitionProbA2.png, id=2066, 525.76425pt x 362.5545pt>
File: figs/TransitionProbA2.png Graphic file (type png)
<use figs/TransitionProbA2.png>
Package pdftex.def Info: figs/TransitionProbA2.png  used on input line 107.
(pdftex.def)             Requested size: 426.79134pt x 294.30927pt.
<figs/TransitionProbTotalA2.png, id=2068, 383.63326pt x 269.20575pt>
File: figs/TransitionProbTotalA2.png Graphic file (type png)
<use figs/TransitionProbTotalA2.png>
Package pdftex.def Info: figs/TransitionProbTotalA2.png  used on input line 115
.
(pdftex.def)             Requested size: 341.43306pt x 239.59645pt.
<figs/kConsComp.png, id=2072, 498.06075pt x 240.29774pt>
File: figs/kConsComp.png Graphic file (type png)
<use figs/kConsComp.png>
Package pdftex.def Info: figs/kConsComp.png  used on input line 126.
(pdftex.def)             Requested size: 341.43306pt x 164.73862pt.
 [127] [128 <./figs/TransitionProbB2.png>]
[129 <./figs/TransitionProbA2.png> <./figs/TransitionProbTotalA2.png>] [130 <./
figs/kConsComp.png>] [131]
<figs/LLGResults.png, id=2100, 823.878pt x 276.43275pt>
File: figs/LLGResults.png Graphic file (type png)
<use figs/LLGResults.png>
Package pdftex.def Info: figs/LLGResults.png  used on input line 154.
(pdftex.def)             Requested size: 426.79134pt x 143.19751pt.


LaTeX Warning: Reference `fig: LLGTable1' on page 132 undefined on input line 1
64.

Missing character: There is no ‚ in font cmr10!
Missing character: There is no Ä in font cmr10!
Missing character: There is no ì in font cmr10!
) [132 <./figs/LLGResults.png>]
Package atveryend Info: Empty hook `BeforeClearDocument' on input line 82.
 [133]
Package atveryend Info: Empty hook `AfterLastShipout' on input line 82.
 (mythesis.aux)
Package atveryend Info: Executing hook `AtVeryEndDocument' on input line 82.
Package atveryend Info: Executing hook `AtEndAfterFileList' on input line 82.
Package rerunfilecheck Info: File `mythesis.out' has not changed.
(rerunfilecheck)             Checksum: F8B98C5FC5BF1343800319627E1B4DE0;6660.


LaTeX Warning: There were undefined references.


LaTeX Warning: There were multiply-defined labels.

Package atveryend Info: Empty hook `AtVeryVeryEnd' on input line 82.
 ) 
Here is how much of TeX's memory you used:
 7449 strings out of 493305
 110371 string characters out of 3129802
 248991 words of memory out of 3000000
 10358 multiletter control sequences out of 15000+200000
 17505 words of font info for 65 fonts, out of 3000000 for 9000
 1141 hyphenation exceptions out of 8191
 29i,19n,41p,2643b,526s stack positions out of 5000i,500n,10000p,200000b,50000s
<C:/Users/phoeb/AppData/Local/Programs/MiKTeX 2.9/fonts/type1/public/amsfonts
/cm/cmbx10.pfb><C:/Users/phoeb/AppData/Local/Programs/MiKTeX 2.9/fonts/type1/pu
blic/amsfonts/cm/cmbx12.pfb><C:/Users/phoeb/AppData/Local/Programs/MiKTeX 2.9/f
onts/type1/public/amsfonts/cm/cmex10.pfb><C:/Users/phoeb/AppData/Local/Programs
/MiKTeX 2.9/fonts/type1/public/amsfonts/cm/cmmi10.pfb><C:/Users/phoeb/AppData/L
ocal/Programs/MiKTeX 2.9/fonts/type1/public/amsfonts/cm/cmmi12.pfb><C:/Users/ph
oeb/AppData/Local/Programs/MiKTeX 2.9/fonts/type1/public/amsfonts/cm/cmmi6.pfb>
<C:/Users/phoeb/AppData/Local/Programs/MiKTeX 2.9/fonts/type1/public/amsfonts/c
m/cmmi8.pfb><C:/Users/phoeb/AppData/Local/Programs/MiKTeX 2.9/fonts/type1/publi
c/amsfonts/cm/cmr10.pfb><C:/Users/phoeb/AppData/Local/Programs/MiKTeX 2.9/fonts
/type1/public/amsfonts/cm/cmr6.pfb><C:/Users/phoeb/AppData/Local/Programs/MiKTe
X 2.9/fonts/type1/public/amsfonts/cm/cmr8.pfb><C:/Users/phoeb/AppData/Local/Pro
grams/MiKTeX 2.9/fonts/type1/public/amsfonts/cm/cmsy10.pfb><C:/Users/phoeb/AppD
ata/Local/Programs/MiKTeX 2.9/fonts/type1/public/amsfonts/cm/cmsy6.pfb><C:/User
s/phoeb/AppData/Local/Programs/MiKTeX 2.9/fonts/type1/public/amsfonts/cm/cmsy8.
pfb><C:/Users/phoeb/AppData/Local/Programs/MiKTeX 2.9/fonts/type1/public/amsfon
ts/cm/cmti10.pfb><C:/Users/phoeb/AppData/Local/Programs/MiKTeX 2.9/fonts/type1/
public/amsfonts/symbols/msam10.pfb><C:/Users/phoeb/AppData/Local/Programs/MiKTe
X 2.9/fonts/type1/public/amsfonts/symbols/msbm10.pfb><C:/Users/phoeb/AppData/Lo
cal/Programs/MiKTeX 2.9/fonts/type1/public/rsfs/rsfs10.pfb>
Output written on mythesis.pdf (156 pages, 8021456 bytes).
PDF statistics:
 2271 PDF objects out of 2487 (max. 8388607)
 471 named destinations out of 1000 (max. 500000)
 795 words of extra memory for PDF output out of 10000 (max. 10000000)

